mode: atomic
github.com/zyrthi-io/zyrthi-flash/config.go:33.47,35.16 2 4
github.com/zyrthi-io/zyrthi-flash/config.go:35.16,37.3 1 0
github.com/zyrthi-io/zyrthi-flash/config.go:39.2,40.16 2 4
github.com/zyrthi-io/zyrthi-flash/config.go:40.16,42.3 1 1
github.com/zyrthi-io/zyrthi-flash/config.go:44.2,45.51 2 3
github.com/zyrthi-io/zyrthi-flash/config.go:45.51,47.3 1 1
github.com/zyrthi-io/zyrthi-flash/config.go:50.2,50.28 1 2
github.com/zyrthi-io/zyrthi-flash/config.go:50.28,52.3 1 1
github.com/zyrthi-io/zyrthi-flash/config.go:54.2,54.18 1 2
github.com/zyrthi-io/zyrthi-flash/host_api.go:15.44,17.2 1 12
github.com/zyrthi-io/zyrthi-flash/host_api.go:20.57,22.2 1 2
github.com/zyrthi-io/zyrthi-flash/host_api.go:25.55,27.2 1 2
github.com/zyrthi-io/zyrthi-flash/host_api.go:30.50,32.2 1 3
github.com/zyrthi-io/zyrthi-flash/host_api.go:35.50,37.2 1 4
github.com/zyrthi-io/zyrthi-flash/host_api.go:40.53,42.2 1 1
github.com/zyrthi-io/zyrthi-flash/host_api.go:45.49,47.2 1 1
github.com/zyrthi-io/zyrthi-flash/host_api.go:50.64,52.15 2 3
github.com/zyrthi-io/zyrthi-flash/host_api.go:52.15,54.3 1 2
github.com/zyrthi-io/zyrthi-flash/host_api.go:55.2,56.22 2 3
github.com/zyrthi-io/zyrthi-flash/host_api.go:56.22,58.3 1 2
github.com/zyrthi-io/zyrthi-flash/main.go:21.13,26.16 3 0
github.com/zyrthi-io/zyrthi-flash/main.go:26.16,29.3 2 0
github.com/zyrthi-io/zyrthi-flash/main.go:32.2,33.15 2 0
github.com/zyrthi-io/zyrthi-flash/main.go:33.15,35.16 2 0
github.com/zyrthi-io/zyrthi-flash/main.go:35.16,37.4 1 0
github.com/zyrthi-io/zyrthi-flash/main.go:41.2,42.16 2 0
github.com/zyrthi-io/zyrthi-flash/main.go:42.16,44.36 2 0
github.com/zyrthi-io/zyrthi-flash/main.go:44.36,47.4 2 0
github.com/zyrthi-io/zyrthi-flash/main.go:48.3,49.47 2 0
github.com/zyrthi-io/zyrthi-flash/main.go:53.2,54.20 2 0
github.com/zyrthi-io/zyrthi-flash/main.go:54.20,57.3 1 0
github.com/zyrthi-io/zyrthi-flash/main.go:59.2,59.45 1 0
github.com/zyrthi-io/zyrthi-flash/main.go:59.45,62.3 2 0
github.com/zyrthi-io/zyrthi-flash/main.go:65.2,66.16 2 0
github.com/zyrthi-io/zyrthi-flash/main.go:66.16,69.3 2 0
github.com/zyrthi-io/zyrthi-flash/main.go:70.2,76.16 3 0
github.com/zyrthi-io/zyrthi-flash/main.go:76.16,79.3 2 0
github.com/zyrthi-io/zyrthi-flash/main.go:80.2,86.45 4 0
github.com/zyrthi-io/zyrthi-flash/main.go:86.45,89.3 2 0
github.com/zyrthi-io/zyrthi-flash/main.go:92.2,93.16 2 0
github.com/zyrthi-io/zyrthi-flash/main.go:93.16,96.3 2 0
github.com/zyrthi-io/zyrthi-flash/main.go:97.2,100.16 2 0
github.com/zyrthi-io/zyrthi-flash/main.go:100.16,102.50 2 0
github.com/zyrthi-io/zyrthi-flash/main.go:102.50,105.4 2 0
github.com/zyrthi-io/zyrthi-flash/main.go:109.2,110.16 2 0
github.com/zyrthi-io/zyrthi-flash/main.go:110.16,113.3 2 0
github.com/zyrthi-io/zyrthi-flash/main.go:116.2,117.60 2 0
github.com/zyrthi-io/zyrthi-flash/main.go:117.60,120.3 2 0
github.com/zyrthi-io/zyrthi-flash/main.go:123.2,123.17 1 0
github.com/zyrthi-io/zyrthi-flash/main.go:123.17,126.3 1 0
github.com/zyrthi-io/zyrthi-flash/main.go:129.2,130.43 2 0
github.com/zyrthi-io/zyrthi-flash/main.go:130.43,132.3 1 0
github.com/zyrthi-io/zyrthi-flash/main.go:134.2,134.29 1 0
github.com/zyrthi-io/zyrthi-flash/plugin.go:24.61,26.21 2 0
github.com/zyrthi-io/zyrthi-flash/plugin.go:26.21,28.3 1 0
github.com/zyrthi-io/zyrthi-flash/plugin.go:31.2,32.53 2 0
github.com/zyrthi-io/zyrthi-flash/plugin.go:32.53,34.3 1 0
github.com/zyrthi-io/zyrthi-flash/plugin.go:37.2,41.55 3 0
github.com/zyrthi-io/zyrthi-flash/plugin.go:41.55,44.63 2 0
github.com/zyrthi-io/zyrthi-flash/plugin.go:44.63,46.4 1 0
github.com/zyrthi-io/zyrthi-flash/plugin.go:50.2,51.50 2 0
github.com/zyrthi-io/zyrthi-flash/plugin.go:55.52,61.16 3 1
github.com/zyrthi-io/zyrthi-flash/plugin.go:61.16,63.3 1 1
github.com/zyrthi-io/zyrthi-flash/plugin.go:64.2,66.38 2 0
github.com/zyrthi-io/zyrthi-flash/plugin.go:66.38,68.3 1 0
github.com/zyrthi-io/zyrthi-flash/plugin.go:71.2,73.16 3 0
github.com/zyrthi-io/zyrthi-flash/plugin.go:73.16,75.3 1 0
github.com/zyrthi-io/zyrthi-flash/plugin.go:76.2,80.16 3 0
github.com/zyrthi-io/zyrthi-flash/plugin.go:80.16,83.3 2 0
github.com/zyrthi-io/zyrthi-flash/plugin.go:86.2,86.33 1 0
github.com/zyrthi-io/zyrthi-flash/wasm.go:26.102,28.16 2 0
github.com/zyrthi-io/zyrthi-flash/wasm.go:28.16,30.3 1 0
github.com/zyrthi-io/zyrthi-flash/wasm.go:32.2,44.16 3 0
github.com/zyrthi-io/zyrthi-flash/wasm.go:44.16,47.3 2 0
github.com/zyrthi-io/zyrthi-flash/wasm.go:49.2,50.16 2 0
github.com/zyrthi-io/zyrthi-flash/wasm.go:50.16,53.3 2 0
github.com/zyrthi-io/zyrthi-flash/wasm.go:55.2,61.8 1 0
github.com/zyrthi-io/zyrthi-flash/wasm.go:66.47,71.19 4 0
github.com/zyrthi-io/zyrthi-flash/wasm.go:71.19,73.3 1 0
github.com/zyrthi-io/zyrthi-flash/wasm.go:74.2,75.12 2 0
github.com/zyrthi-io/zyrthi-flash/wasm.go:78.47,80.15 2 0
github.com/zyrthi-io/zyrthi-flash/wasm.go:80.15,82.3 1 0
github.com/zyrthi-io/zyrthi-flash/wasm.go:84.2,85.16 2 0
github.com/zyrthi-io/zyrthi-flash/wasm.go:85.16,87.3 1 0
github.com/zyrthi-io/zyrthi-flash/wasm.go:88.2,88.20 1 0
github.com/zyrthi-io/zyrthi-flash/wasm.go:88.20,90.3 1 0
github.com/zyrthi-io/zyrthi-flash/wasm.go:92.2,92.24 1 0
github.com/zyrthi-io/zyrthi-flash/wasm.go:95.79,97.15 2 0
github.com/zyrthi-io/zyrthi-flash/wasm.go:97.15,99.3 1 0
github.com/zyrthi-io/zyrthi-flash/wasm.go:101.2,106.16 5 0
github.com/zyrthi-io/zyrthi-flash/wasm.go:106.16,108.3 1 0
github.com/zyrthi-io/zyrthi-flash/wasm.go:109.2,109.20 1 0
github.com/zyrthi-io/zyrthi-flash/wasm.go:109.20,111.3 1 0
github.com/zyrthi-io/zyrthi-flash/wasm.go:112.2,112.12 1 0
github.com/zyrthi-io/zyrthi-flash/wasm.go:115.75,117.15 2 0
github.com/zyrthi-io/zyrthi-flash/wasm.go:117.15,119.3 1 0
github.com/zyrthi-io/zyrthi-flash/wasm.go:121.2,122.16 2 0
github.com/zyrthi-io/zyrthi-flash/wasm.go:122.16,124.3 1 0
github.com/zyrthi-io/zyrthi-flash/wasm.go:125.2,125.20 1 0
github.com/zyrthi-io/zyrthi-flash/wasm.go:125.20,127.3 1 0
github.com/zyrthi-io/zyrthi-flash/wasm.go:128.2,128.12 1 0
github.com/zyrthi-io/zyrthi-flash/wasm.go:131.47,133.15 2 0
github.com/zyrthi-io/zyrthi-flash/wasm.go:133.15,139.3 5 0
github.com/zyrthi-io/zyrthi-flash/wasm.go:141.2,142.16 2 0
github.com/zyrthi-io/zyrthi-flash/wasm.go:142.16,144.3 1 0
github.com/zyrthi-io/zyrthi-flash/wasm.go:145.2,145.20 1 0
github.com/zyrthi-io/zyrthi-flash/wasm.go:145.20,147.3 1 0
github.com/zyrthi-io/zyrthi-flash/wasm.go:148.2,148.12 1 0
github.com/zyrthi-io/zyrthi-flash/wasm.go:151.36,153.2 1 0
github.com/zyrthi-io/zyrthi-flash/wasm.go:157.91,158.54 1 0
github.com/zyrthi-io/zyrthi-flash/wasm.go:158.54,160.3 1 0
github.com/zyrthi-io/zyrthi-flash/wasm.go:161.2,162.9 2 0
github.com/zyrthi-io/zyrthi-flash/wasm.go:162.9,164.3 1 0
github.com/zyrthi-io/zyrthi-flash/wasm.go:165.2,166.18 2 0
github.com/zyrthi-io/zyrthi-flash/wasm.go:169.90,170.54 1 0
github.com/zyrthi-io/zyrthi-flash/wasm.go:170.54,172.3 1 0
github.com/zyrthi-io/zyrthi-flash/wasm.go:173.2,176.18 4 0
github.com/zyrthi-io/zyrthi-flash/wasm.go:179.58,180.54 1 0
github.com/zyrthi-io/zyrthi-flash/wasm.go:180.54,182.3 1 0
github.com/zyrthi-io/zyrthi-flash/wasm.go:185.58,186.54 1 0
github.com/zyrthi-io/zyrthi-flash/wasm.go:186.54,188.3 1 0
github.com/zyrthi-io/zyrthi-flash/wasm.go:191.48,193.2 1 0
github.com/zyrthi-io/zyrthi-flash/wasm.go:195.83,196.26 1 0
github.com/zyrthi-io/zyrthi-flash/wasm.go:196.26,198.3 1 0
github.com/zyrthi-io/zyrthi-flash/wasm.go:199.2,200.9 2 0
github.com/zyrthi-io/zyrthi-flash/wasm.go:200.9,202.3 1 0
github.com/zyrthi-io/zyrthi-flash/wasm.go:203.2,203.44 1 0
github.com/zyrthi-io/zyrthi-flash/wasm.go:206.70,207.54 1 0
github.com/zyrthi-io/zyrthi-flash/wasm.go:207.54,209.3 1 0
